<?xml version="1.0" encoding="UTF-8"?>
<!-- Generated by org.testng.reporters.JUnitReportReporter -->
<testsuite hostname="CHANDRU" failures="0" tests="2" name="DataProviders.DataProviderStart2503" time="10.154" errors="0" timestamp="2025-03-27T11:51:07 IST" skipped="0">
  <testcase classname="DataProviders.DataProviderStart2503" name="search" time="5.411"/>
  <testcase classname="DataProviders.DataProviderStart2503" name="search" time="4.743"/>
</testsuite> <!-- DataProviders.DataProviderStart2503 -->
