<?xml version="1.0" encoding="UTF-8"?>
<!-- Generated by org.testng.reporters.JUnitReportReporter -->
<testsuite hostname="CHANDRU" failures="0" tests="3" name="Test1.Group2103" time="0.011" errors="0" timestamp="2025-03-27T11:46:37 IST" skipped="0">
  <testcase classname="Test1.Group2103" name="f2" time="0.001"/>
  <testcase classname="Test1.Group2103" name="f" time="0.008"/>
  <testcase classname="Test1.Group2103" name="f1" time="0.002"/>
</testsuite> <!-- Test1.Group2103 -->
