<?xml version="1.0" encoding="UTF-8"?>
<!-- Generated by org.testng.reporters.JUnitReportReporter -->
<testsuite hostname="CHANDRU" failures="0" tests="1" name="com.tests.DashBoardTest" time="3.363" errors="0" timestamp="2025-03-27T12:23:37 IST" skipped="0">
  <testcase classname="com.tests.DashBoardTest" name="Validcredentials" time="3.363"/>
</testsuite> <!-- com.tests.DashBoardTest -->
