<?xml version="1.0" encoding="UTF-8"?>
<!-- Generated by org.testng.reporters.JUnitReportReporter -->
<testsuite hostname="CHANDRU" failures="0" tests="4" name="Test1.TestStart" time="0.010" errors="0" timestamp="2025-03-27T12:19:46 IST" skipped="2">
  <testcase classname="Test1.TestStart" name="z" time="0.009"/>
  <testcase classname="Test1.TestStart" name="a" time="0.001"/>
  <testcase classname="Test1.TestStart" name="c">
    <skipped/>
  </testcase> <!-- c -->
  <testcase classname="Test1.TestStart" name="f">
    <skipped/>
  </testcase> <!-- f -->
</testsuite> <!-- Test1.TestStart -->
